<?xml version="1.0" encoding="UTF-8"?>
<testsuite xmlns:xsi="http://www.w3.org/2001/XMLSchema-instance" xsi:schemaLocation="https://maven.apache.org/surefire/maven-surefire-plugin/xsd/surefire-test-report.xsd" name="TestSuite" time="73.009" tests="7" errors="0" skipped="0" failures="0">
  <properties>
[...]
</properties>
  <testcase name="addDuplicateProductToCart" classname="com.browserstack.BStackDemoTest" time="4.091"/>
  <testcase name="addProductToCart" classname="com.browserstack.BStackDemoTest" time="3.987"/>
  <testcase name="loginToBStackDemo" classname="com.browserstack.BStackDemoTest" time="3.915"/>
  <testcase name="logoutFromBstackDemo" classname="com.browserstack.BStackDemoTest" time="3.958"/>
  <testcase name="makePayment" classname="com.browserstack.BStackDemoTest" time="4.482"/>
  <testcase name="placeOrder" classname="com.browserstack.BStackDemoTest" time="3.469"/>
  <testcase name="visitBStackDemo" classname="com.browserstack.BStackDemoTest" time="3.833"/>
</testsuite>