<?xml version="1.0" encoding="UTF-8"?>
<testng-results ignored="1" total="8" passed="7" failed="0" skipped="0">
  <reporter-output>
  </reporter-output>
  <suite started-at="2026-04-12T16:38:36 IST" name="Cross-Platform" finished-at="2026-04-12T16:39:47 IST" duration-ms="71696">
    <groups>
    </groups>
    <test started-at="2026-04-12T16:38:36 IST" name="BStackDemo-0" finished-at="2026-04-12T16:39:47 IST" duration-ms="71696">
      <class name="com.browserstack.BStackDemoTest">
        <test-method is-config="true" signature="setUp()[pri:0, instance:com.browserstack.BStackDemoTest@17d32e9b]" started-at="2026-04-12T16:38:36 IST" name="setUp" finished-at="2026-04-12T16:38:42 IST" duration-ms="5978" status="PASS">
          <reporter-output>
          </reporter-output>
        </test-method> <!-- setUp -->
        <test-method signature="addDuplicateProductToCart()[pri:0, instance:com.browserstack.BStackDemoTest@17d32e9b]" started-at="2026-04-12T16:38:42 IST" name="addDuplicateProductToCart" finished-at="2026-04-12T16:38:45 IST" duration-ms="3227" status="PASS">
          <reporter-output>
          </reporter-output>
        </test-method> <!-- addDuplicateProductToCart -->
        <test-method is-config="true" signature="tearDown()[pri:0, instance:com.browserstack.BStackDemoTest@17d32e9b]" started-at="2026-04-12T16:38:46 IST" name="tearDown" finished-at="2026-04-12T16:38:48 IST" duration-ms="1830" status="PASS">
          <reporter-output>
          </reporter-output>
        </test-method> <!-- tearDown -->
        <test-method is-config="true" signature="setUp()[pri:0, instance:com.browserstack.BStackDemoTest@17d32e9b]" started-at="2026-04-12T16:38:48 IST" name="setUp" finished-at="2026-04-12T16:38:51 IST" duration-ms="3488" status="PASS">
          <reporter-output>
          </reporter-output>
        </test-method> <!-- setUp -->
        <test-method signature="addProductToCart()[pri:0, instance:com.browserstack.BStackDemoTest@17d32e9b]" started-at="2026-04-12T16:38:51 IST" name="addProductToCart" finished-at="2026-04-12T16:38:54 IST" duration-ms="3067" status="PASS">
          <reporter-output>
          </reporter-output>
        </test-method> <!-- addProductToCart -->
        <test-method is-config="true" signature="tearDown()[pri:0, instance:com.browserstack.BStackDemoTest@17d32e9b]" started-at="2026-04-12T16:38:55 IST" name="tearDown" finished-at="2026-04-12T16:38:57 IST" duration-ms="1603" status="PASS">
          <reporter-output>
          </reporter-output>
        </test-method> <!-- tearDown -->
        <test-method is-config="true" signature="setUp()[pri:0, instance:com.browserstack.BStackDemoTest@17d32e9b]" started-at="2026-04-12T16:38:57 IST" name="setUp" finished-at="2026-04-12T16:39:00 IST" duration-ms="3620" status="PASS">
          <reporter-output>
          </reporter-output>
        </test-method> <!-- setUp -->
        <test-method signature="loginToBStackDemo()[pri:0, instance:com.browserstack.BStackDemoTest@17d32e9b]" started-at="2026-04-12T16:39:00 IST" name="loginToBStackDemo" finished-at="2026-04-12T16:39:04 IST" duration-ms="3141" status="PASS">
          <reporter-output>
          </reporter-output>
        </test-method> <!-- loginToBStackDemo -->
        <test-method is-config="true" signature="tearDown()[pri:0, instance:com.browserstack.BStackDemoTest@17d32e9b]" started-at="2026-04-12T16:39:04 IST" name="tearDown" finished-at="2026-04-12T16:39:06 IST" duration-ms="1633" status="PASS">
          <reporter-output>
          </reporter-output>
        </test-method> <!-- tearDown -->
        <test-method is-config="true" signature="setUp()[pri:0, instance:com.browserstack.BStackDemoTest@17d32e9b]" started-at="2026-04-12T16:39:06 IST" name="setUp" finished-at="2026-04-12T16:39:12 IST" duration-ms="5995" status="PASS">
          <reporter-output>
          </reporter-output>
        </test-method> <!-- setUp -->
        <test-method signature="logoutFromBstackDemo()[pri:0, instance:com.browserstack.BStackDemoTest@17d32e9b]" started-at="2026-04-12T16:39:12 IST" name="logoutFromBstackDemo" finished-at="2026-04-12T16:39:15 IST" duration-ms="3110" status="PASS">
          <reporter-output>
          </reporter-output>
        </test-method> <!-- logoutFromBstackDemo -->
        <test-method is-config="true" signature="tearDown()[pri:0, instance:com.browserstack.BStackDemoTest@17d32e9b]" started-at="2026-04-12T16:39:16 IST" name="tearDown" finished-at="2026-04-12T16:39:18 IST" duration-ms="1664" status="PASS">
          <reporter-output>
          </reporter-output>
        </test-method> <!-- tearDown -->
        <test-method is-config="true" signature="setUp()[pri:0, instance:com.browserstack.BStackDemoTest@17d32e9b]" started-at="2026-04-12T16:39:18 IST" name="setUp" finished-at="2026-04-12T16:39:21 IST" duration-ms="3536" status="PASS">
          <reporter-output>
          </reporter-output>
        </test-method> <!-- setUp -->
        <test-method signature="makePayment()[pri:0, instance:com.browserstack.BStackDemoTest@17d32e9b]" started-at="2026-04-12T16:39:21 IST" name="makePayment" finished-at="2026-04-12T16:39:24 IST" duration-ms="3079" status="PASS">
          <reporter-output>
          </reporter-output>
        </test-method> <!-- makePayment -->
        <test-method is-config="true" signature="tearDown()[pri:0, instance:com.browserstack.BStackDemoTest@17d32e9b]" started-at="2026-04-12T16:39:26 IST" name="tearDown" finished-at="2026-04-12T16:39:27 IST" duration-ms="1489" status="PASS">
          <reporter-output>
          </reporter-output>
        </test-method> <!-- tearDown -->
        <test-method is-config="true" signature="setUp()[pri:0, instance:com.browserstack.BStackDemoTest@17d32e9b]" started-at="2026-04-12T16:39:27 IST" name="setUp" finished-at="2026-04-12T16:39:31 IST" duration-ms="3653" status="PASS">
          <reporter-output>
          </reporter-output>
        </test-method> <!-- setUp -->
        <test-method signature="placeOrder()[pri:0, instance:com.browserstack.BStackDemoTest@17d32e9b]" started-at="2026-04-12T16:39:31 IST" name="placeOrder" finished-at="2026-04-12T16:39:34 IST" duration-ms="2731" status="PASS">
          <reporter-output>
          </reporter-output>
        </test-method> <!-- placeOrder -->
        <test-method is-config="true" signature="tearDown()[pri:0, instance:com.browserstack.BStackDemoTest@17d32e9b]" started-at="2026-04-12T16:39:34 IST" name="tearDown" finished-at="2026-04-12T16:39:36 IST" duration-ms="1582" status="PASS">
          <reporter-output>
          </reporter-output>
        </test-method> <!-- tearDown -->
        <test-method is-config="true" signature="setUp()[pri:0, instance:com.browserstack.BStackDemoTest@17d32e9b]" started-at="2026-04-12T16:39:36 IST" name="setUp" finished-at="2026-04-12T16:39:42 IST" duration-ms="5893" status="PASS">
          <reporter-output>
          </reporter-output>
        </test-method> <!-- setUp -->
        <test-method signature="visitBStackDemo()[pri:0, instance:com.browserstack.BStackDemoTest@17d32e9b]" started-at="2026-04-12T16:39:42 IST" name="visitBStackDemo" finished-at="2026-04-12T16:39:45 IST" duration-ms="3091" status="PASS">
          <reporter-output>
          </reporter-output>
        </test-method> <!-- visitBStackDemo -->
        <test-method is-config="true" signature="tearDown()[pri:0, instance:com.browserstack.BStackDemoTest@17d32e9b]" started-at="2026-04-12T16:39:46 IST" name="tearDown" finished-at="2026-04-12T16:39:47 IST" duration-ms="1577" status="PASS">
          <reporter-output>
          </reporter-output>
        </test-method> <!-- tearDown -->
      </class> <!-- com.browserstack.BStackDemoTest -->
    </test> <!-- BStackDemo-0 -->
  </suite> <!-- Cross-Platform -->
</testng-results>
