<?xml version="1.0" encoding="UTF-8"?>
<testng-results ignored="1" total="8" passed="7" failed="0" skipped="0">
  <reporter-output>
  </reporter-output>
  <suite started-at="2026-04-12T16:07:28 IST" name="Cross-Platform" finished-at="2026-04-12T16:08:42 IST" duration-ms="74135">
    <groups>
    </groups>
    <test started-at="2026-04-12T16:07:28 IST" name="BStackDemo-0" finished-at="2026-04-12T16:08:42 IST" duration-ms="74135">
      <class name="com.browserstack.BStackDemoTest">
        <test-method is-config="true" signature="setUp()[pri:0, instance:com.browserstack.BStackDemoTest@2b10ace9]" started-at="2026-04-12T16:07:28 IST" name="setUp" finished-at="2026-04-12T16:07:35 IST" duration-ms="6798" status="PASS">
          <reporter-output>
          </reporter-output>
        </test-method> <!-- setUp -->
        <test-method signature="addDuplicateProductToCart()[pri:0, instance:com.browserstack.BStackDemoTest@2b10ace9]" started-at="2026-04-12T16:07:35 IST" name="addDuplicateProductToCart" finished-at="2026-04-12T16:07:38 IST" duration-ms="3089" status="PASS">
          <reporter-output>
          </reporter-output>
        </test-method> <!-- addDuplicateProductToCart -->
        <test-method is-config="true" signature="tearDown()[pri:0, instance:com.browserstack.BStackDemoTest@2b10ace9]" started-at="2026-04-12T16:07:39 IST" name="tearDown" finished-at="2026-04-12T16:07:40 IST" duration-ms="1569" status="PASS">
          <reporter-output>
          </reporter-output>
        </test-method> <!-- tearDown -->
        <test-method is-config="true" signature="setUp()[pri:0, instance:com.browserstack.BStackDemoTest@2b10ace9]" started-at="2026-04-12T16:07:40 IST" name="setUp" finished-at="2026-04-12T16:07:45 IST" duration-ms="5118" status="PASS">
          <reporter-output>
          </reporter-output>
        </test-method> <!-- setUp -->
        <test-method signature="addProductToCart()[pri:0, instance:com.browserstack.BStackDemoTest@2b10ace9]" started-at="2026-04-12T16:07:45 IST" name="addProductToCart" finished-at="2026-04-12T16:07:49 IST" duration-ms="3250" status="PASS">
          <reporter-output>
          </reporter-output>
        </test-method> <!-- addProductToCart -->
        <test-method is-config="true" signature="tearDown()[pri:0, instance:com.browserstack.BStackDemoTest@2b10ace9]" started-at="2026-04-12T16:07:49 IST" name="tearDown" finished-at="2026-04-12T16:07:51 IST" duration-ms="1589" status="PASS">
          <reporter-output>
          </reporter-output>
        </test-method> <!-- tearDown -->
        <test-method is-config="true" signature="setUp()[pri:0, instance:com.browserstack.BStackDemoTest@2b10ace9]" started-at="2026-04-12T16:07:51 IST" name="setUp" finished-at="2026-04-12T16:07:55 IST" duration-ms="3517" status="PASS">
          <reporter-output>
          </reporter-output>
        </test-method> <!-- setUp -->
        <test-method signature="loginToBStackDemo()[pri:0, instance:com.browserstack.BStackDemoTest@2b10ace9]" started-at="2026-04-12T16:07:55 IST" name="loginToBStackDemo" finished-at="2026-04-12T16:07:57 IST" duration-ms="2822" status="PASS">
          <reporter-output>
          </reporter-output>
        </test-method> <!-- loginToBStackDemo -->
        <test-method is-config="true" signature="tearDown()[pri:0, instance:com.browserstack.BStackDemoTest@2b10ace9]" started-at="2026-04-12T16:07:58 IST" name="tearDown" finished-at="2026-04-12T16:08:00 IST" duration-ms="1700" status="PASS">
          <reporter-output>
          </reporter-output>
        </test-method> <!-- tearDown -->
        <test-method is-config="true" signature="setUp()[pri:0, instance:com.browserstack.BStackDemoTest@2b10ace9]" started-at="2026-04-12T16:08:00 IST" name="setUp" finished-at="2026-04-12T16:08:03 IST" duration-ms="3615" status="PASS">
          <reporter-output>
          </reporter-output>
        </test-method> <!-- setUp -->
        <test-method signature="logoutFromBstackDemo()[pri:0, instance:com.browserstack.BStackDemoTest@2b10ace9]" started-at="2026-04-12T16:08:03 IST" name="logoutFromBstackDemo" finished-at="2026-04-12T16:08:06 IST" duration-ms="2944" status="PASS">
          <reporter-output>
          </reporter-output>
        </test-method> <!-- logoutFromBstackDemo -->
        <test-method is-config="true" signature="tearDown()[pri:0, instance:com.browserstack.BStackDemoTest@2b10ace9]" started-at="2026-04-12T16:08:07 IST" name="tearDown" finished-at="2026-04-12T16:08:09 IST" duration-ms="1459" status="PASS">
          <reporter-output>
          </reporter-output>
        </test-method> <!-- tearDown -->
        <test-method is-config="true" signature="setUp()[pri:0, instance:com.browserstack.BStackDemoTest@2b10ace9]" started-at="2026-04-12T16:08:09 IST" name="setUp" finished-at="2026-04-12T16:08:14 IST" duration-ms="5621" status="PASS">
          <reporter-output>
          </reporter-output>
        </test-method> <!-- setUp -->
        <test-method signature="makePayment()[pri:0, instance:com.browserstack.BStackDemoTest@2b10ace9]" started-at="2026-04-12T16:08:14 IST" name="makePayment" finished-at="2026-04-12T16:08:18 IST" duration-ms="3162" status="PASS">
          <reporter-output>
          </reporter-output>
        </test-method> <!-- makePayment -->
        <test-method is-config="true" signature="tearDown()[pri:0, instance:com.browserstack.BStackDemoTest@2b10ace9]" started-at="2026-04-12T16:08:18 IST" name="tearDown" finished-at="2026-04-12T16:08:20 IST" duration-ms="1697" status="PASS">
          <reporter-output>
          </reporter-output>
        </test-method> <!-- tearDown -->
        <test-method is-config="true" signature="setUp()[pri:0, instance:com.browserstack.BStackDemoTest@2b10ace9]" started-at="2026-04-12T16:08:20 IST" name="setUp" finished-at="2026-04-12T16:08:24 IST" duration-ms="3950" status="PASS">
          <reporter-output>
          </reporter-output>
        </test-method> <!-- setUp -->
        <test-method signature="placeOrder()[pri:0, instance:com.browserstack.BStackDemoTest@2b10ace9]" started-at="2026-04-12T16:08:24 IST" name="placeOrder" finished-at="2026-04-12T16:08:27 IST" duration-ms="2993" status="PASS">
          <reporter-output>
          </reporter-output>
        </test-method> <!-- placeOrder -->
        <test-method is-config="true" signature="tearDown()[pri:0, instance:com.browserstack.BStackDemoTest@2b10ace9]" started-at="2026-04-12T16:08:28 IST" name="tearDown" finished-at="2026-04-12T16:08:29 IST" duration-ms="1576" status="PASS">
          <reporter-output>
          </reporter-output>
        </test-method> <!-- tearDown -->
        <test-method is-config="true" signature="setUp()[pri:0, instance:com.browserstack.BStackDemoTest@2b10ace9]" started-at="2026-04-12T16:08:29 IST" name="setUp" finished-at="2026-04-12T16:08:37 IST" duration-ms="7400" status="PASS">
          <reporter-output>
          </reporter-output>
        </test-method> <!-- setUp -->
        <test-method signature="visitBStackDemo()[pri:0, instance:com.browserstack.BStackDemoTest@2b10ace9]" started-at="2026-04-12T16:08:37 IST" name="visitBStackDemo" finished-at="2026-04-12T16:08:40 IST" duration-ms="3015" status="PASS">
          <reporter-output>
          </reporter-output>
        </test-method> <!-- visitBStackDemo -->
        <test-method is-config="true" signature="tearDown()[pri:0, instance:com.browserstack.BStackDemoTest@2b10ace9]" started-at="2026-04-12T16:08:41 IST" name="tearDown" finished-at="2026-04-12T16:08:42 IST" duration-ms="1615" status="PASS">
          <reporter-output>
          </reporter-output>
        </test-method> <!-- tearDown -->
      </class> <!-- com.browserstack.BStackDemoTest -->
    </test> <!-- BStackDemo-0 -->
  </suite> <!-- Cross-Platform -->
</testng-results>
