<?xml version="1.0" encoding="UTF-8"?>
<!-- Generated by org.testng.reporters.JUnitReportReporter -->
<testsuite hostname="yashchavan-C2GK7K9TJG" failures="0" tests="8" name="com.browserstack.BStackDemoTest" time="68.499" errors="0" timestamp="2026-04-12T16:08:43 IST" skipped="1">
  <testcase classname="com.browserstack.BStackDemoTest" name="makePayment" time="9.980"/>
  <system-out/>
  <testcase classname="com.browserstack.BStackDemoTest" name="addProductToCart" time="10.330"/>
  <system-out/>
  <testcase classname="com.browserstack.BStackDemoTest" name="loginToBStackDemo" time="11.189"/>
  <system-out/>
  <testcase classname="com.browserstack.BStackDemoTest" name="addDuplicateProductToCart" time="8.628"/>
  <system-out/>
  <testcase classname="com.browserstack.BStackDemoTest" name="placeOrder" time="8.184"/>
  <system-out/>
  <testcase classname="com.browserstack.BStackDemoTest" name="visitBStackDemo" time="8.229"/>
  <system-out/>
  <testcase classname="com.browserstack.BStackDemoTest" name="logoutFromBstackDemo" time="11.959"/>
  <system-out/>
  <testcase classname="com.browserstack.BStackDemoTest" name="removeProductFromCart">
    <skipped/>
  </testcase> <!-- removeProductFromCart -->
  <system-out/>
</testsuite> <!-- com.browserstack.BStackDemoTest -->
