<?xml version="1.0" encoding="UTF-8"?>
<testng-results ignored="0" total="1" passed="1" failed="0" skipped="0">
  <reporter-output>
  </reporter-output>
  <suite started-at="2026-04-19T13:06:37 IST" name="Cross-Platform" finished-at="2026-04-19T13:06:51 IST" duration-ms="13912">
    <groups>
    </groups>
    <test started-at="2026-04-19T13:06:37 IST" name="BStackDemo" finished-at="2026-04-19T13:06:51 IST" duration-ms="13912">
      <class name="com.percy.PercyTest">
        <test-method is-config="true" signature="setUp()[pri:0, instance:com.percy.PercyTest@701fc37a]" started-at="2026-04-19T13:06:37 IST" name="setUp" finished-at="2026-04-19T13:06:41 IST" duration-ms="4223" status="PASS">
          <reporter-output>
          </reporter-output>
        </test-method> <!-- setUp -->
        <test-method signature="addProductToCart()[pri:0, instance:com.percy.PercyTest@701fc37a]" started-at="2026-04-19T13:06:41 IST" name="addProductToCart" finished-at="2026-04-19T13:06:49 IST" duration-ms="8163" status="PASS">
          <reporter-output>
          </reporter-output>
        </test-method> <!-- addProductToCart -->
        <test-method is-config="true" signature="tearDown()[pri:0, instance:com.percy.PercyTest@701fc37a]" started-at="2026-04-19T13:06:49 IST" name="tearDown" finished-at="2026-04-19T13:06:51 IST" duration-ms="1514" status="PASS">
          <reporter-output>
          </reporter-output>
        </test-method> <!-- tearDown -->
      </class> <!-- com.percy.PercyTest -->
    </test> <!-- BStackDemo -->
  </suite> <!-- Cross-Platform -->
</testng-results>
