<?xml version="1.0" encoding="UTF-8"?>
<!-- Generated by org.testng.reporters.JUnitXMLReporter -->
<testsuite ignored="1" hostname="yashchavan-C2GK7K9TJG" failures="0" tests="7" name="BStackDemo-0" time="71.696" errors="0" timestamp="2026-04-12T16:39:47 IST">
  <testcase classname="com.browserstack.BStackDemoTest" name="addDuplicateProductToCart" time="3.227"/>
  <testcase classname="com.browserstack.BStackDemoTest" name="addProductToCart" time="3.067"/>
  <testcase classname="com.browserstack.BStackDemoTest" name="loginToBStackDemo" time="3.141"/>
  <testcase classname="com.browserstack.BStackDemoTest" name="logoutFromBstackDemo" time="3.11"/>
  <testcase classname="com.browserstack.BStackDemoTest" name="makePayment" time="3.079"/>
  <testcase classname="com.browserstack.BStackDemoTest" name="placeOrder" time="2.731"/>
  <testcase classname="com.browserstack.BStackDemoTest" name="visitBStackDemo" time="3.091"/>
  <testcase classname="com.browserstack.BStackDemoTest" name="removeProductFromCart" time="0.0">
    <ignored/>
  </testcase> <!-- removeProductFromCart -->
</testsuite> <!-- BStackDemo-0 -->
