<?xml version="1.0" encoding="UTF-8"?>
<!-- Generated by org.testng.reporters.JUnitXMLReporter -->
<testsuite ignored="1" hostname="yashchavan-C2GK7K9TJG" failures="0" tests="7" name="BStackDemo-0" time="74.135" errors="0" timestamp="2026-04-12T16:08:42 IST">
  <testcase classname="com.browserstack.BStackDemoTest" name="addDuplicateProductToCart" time="3.089"/>
  <testcase classname="com.browserstack.BStackDemoTest" name="addProductToCart" time="3.25"/>
  <testcase classname="com.browserstack.BStackDemoTest" name="loginToBStackDemo" time="2.822"/>
  <testcase classname="com.browserstack.BStackDemoTest" name="logoutFromBstackDemo" time="2.944"/>
  <testcase classname="com.browserstack.BStackDemoTest" name="makePayment" time="3.162"/>
  <testcase classname="com.browserstack.BStackDemoTest" name="placeOrder" time="2.993"/>
  <testcase classname="com.browserstack.BStackDemoTest" name="visitBStackDemo" time="3.015"/>
  <testcase classname="com.browserstack.BStackDemoTest" name="removeProductFromCart" time="0.0">
    <ignored/>
  </testcase> <!-- removeProductFromCart -->
</testsuite> <!-- BStackDemo-0 -->
