<?xml version="1.0" encoding="UTF-8"?>
<!-- Generated by org.testng.reporters.JUnitReportReporter -->
<testsuite hostname="yashchavan-C2GK7K9TJG" failures="0" tests="8" name="com.browserstack.BStackDemoTest" time="64.987" errors="0" timestamp="2026-04-12T16:39:49 IST" skipped="1">
  <testcase classname="com.browserstack.BStackDemoTest" name="logoutFromBstackDemo" time="8.262"/>
  <system-out/>
  <testcase classname="com.browserstack.BStackDemoTest" name="placeOrder" time="10.539"/>
  <system-out/>
  <testcase classname="com.browserstack.BStackDemoTest" name="visitBStackDemo" time="8.326"/>
  <system-out/>
  <testcase classname="com.browserstack.BStackDemoTest" name="addDuplicateProductToCart" time="10.855"/>
  <system-out/>
  <testcase classname="com.browserstack.BStackDemoTest" name="makePayment" time="10.575"/>
  <system-out/>
  <testcase classname="com.browserstack.BStackDemoTest" name="addProductToCart" time="8.176"/>
  <system-out/>
  <testcase classname="com.browserstack.BStackDemoTest" name="loginToBStackDemo" time="8.254"/>
  <system-out/>
  <testcase classname="com.browserstack.BStackDemoTest" name="removeProductFromCart">
    <skipped/>
  </testcase> <!-- removeProductFromCart -->
  <system-out/>
</testsuite> <!-- com.browserstack.BStackDemoTest -->
